The system is: Darwin - 10.8.0 - i386
Compiling the C compiler identification source file "CMakeCCompilerId.c" succeeded.
Compiler: /usr/local/bin/gcc 
Build flags: 
Id flags: 

The output was:
0


Compilation of the C compiler identification source "CMakeCCompilerId.c" produced "a.out"

The C compiler identification is GNU, found in "/Users/ericgallager/lci/lciframework/CMakeFiles/CompilerIdC/a.out"

Compiling the CXX compiler identification source file "CMakeCXXCompilerId.cpp" succeeded.
Compiler: /usr/local/bin/c++ 
Build flags: 
Id flags: 

The output was:
0


Compilation of the CXX compiler identification source "CMakeCXXCompilerId.cpp" produced "a.out"

The CXX compiler identification is GNU, found in "/Users/ericgallager/lci/lciframework/CMakeFiles/CompilerIdCXX/a.out"

Determining if the C compiler works passed with the following output:
Change Dir: /Users/ericgallager/lci/lciframework/CMakeFiles/CMakeTmp

Run Build Command:/opt/local/bin/gmake "cmTryCompileExec/fast"
/opt/local/bin/gmake -f CMakeFiles/cmTryCompileExec.dir/build.make CMakeFiles/cmTryCompileExec.dir/build
gmake[1]: Entering directory `/Users/ericgallager/lci/lciframework/CMakeFiles/CMakeTmp'
"/Applications/CMake 2.8-5.app/Contents/bin/cmake" -E cmake_progress_report /Users/ericgallager/lci/lciframework/CMakeFiles/CMakeTmp/CMakeFiles 1
Building C object CMakeFiles/cmTryCompileExec.dir/testCCompiler.c.o
/usr/local/bin/gcc    -o CMakeFiles/cmTryCompileExec.dir/testCCompiler.c.o   -c /Users/ericgallager/lci/lciframework/CMakeFiles/CMakeTmp/testCCompiler.c
Linking C executable cmTryCompileExec
"/Applications/CMake 2.8-5.app/Contents/bin/cmake" -E cmake_link_script CMakeFiles/cmTryCompileExec.dir/link.txt --verbose=1
/usr/local/bin/gcc      -Wl,-search_paths_first -Wl,-headerpad_max_install_names   CMakeFiles/cmTryCompileExec.dir/testCCompiler.c.o  -o cmTryCompileExec  
gmake[1]: Leaving directory `/Users/ericgallager/lci/lciframework/CMakeFiles/CMakeTmp'


Detecting C compiler ABI info compiled with the following output:
Change Dir: /Users/ericgallager/lci/lciframework/CMakeFiles/CMakeTmp

Run Build Command:/opt/local/bin/gmake "cmTryCompileExec/fast"
/opt/local/bin/gmake -f CMakeFiles/cmTryCompileExec.dir/build.make CMakeFiles/cmTryCompileExec.dir/build
gmake[1]: Entering directory `/Users/ericgallager/lci/lciframework/CMakeFiles/CMakeTmp'
"/Applications/CMake 2.8-5.app/Contents/bin/cmake" -E cmake_progress_report /Users/ericgallager/lci/lciframework/CMakeFiles/CMakeTmp/CMakeFiles 1
Building C object CMakeFiles/cmTryCompileExec.dir/CMakeCCompilerABI.c.o
/usr/local/bin/gcc    -o CMakeFiles/cmTryCompileExec.dir/CMakeCCompilerABI.c.o   -c "/Applications/CMake 2.8-5.app/Contents/share/cmake-2.8/Modules/CMakeCCompilerABI.c"
Linking C executable cmTryCompileExec
"/Applications/CMake 2.8-5.app/Contents/bin/cmake" -E cmake_link_script CMakeFiles/cmTryCompileExec.dir/link.txt --verbose=1
/usr/local/bin/gcc      -Wl,-search_paths_first -Wl,-headerpad_max_install_names -v CMakeFiles/cmTryCompileExec.dir/CMakeCCompilerABI.c.o  -o cmTryCompileExec   
Using built-in specs.
Target: i386-apple-darwin10.8.0
Configured with: ./configure 
Thread model: posix
gcc version 4.1.1
 /usr/local/libexec/gcc/i386-apple-darwin10.8.0/4.1.1/collect2 -dynamic -arch i386 -weak_reference_mismatches non-weak -o cmTryCompileExec -lcrt1.o -L/usr/local/lib/gcc/i386-apple-darwin10.8.0/4.1.1 -L/usr/local/lib/gcc/i386-apple-darwin10.8.0/4.1.1/../../.. -search_paths_first -headerpad_max_install_names CMakeFiles/cmTryCompileExec.dir/CMakeCCompilerABI.c.o -lgcc -lSystem
gmake[1]: Leaving directory `/Users/ericgallager/lci/lciframework/CMakeFiles/CMakeTmp'


Parsed C implicit link information from above output:
  link line regex: [^( *|.*[/\])(ld|ld|collect2)[^/\]*( |$)]
  ignore line: [Change Dir: /Users/ericgallager/lci/lciframework/CMakeFiles/CMakeTmp]
  ignore line: []
  ignore line: [Run Build Command:/opt/local/bin/gmake "cmTryCompileExec/fast"]
  ignore line: [/opt/local/bin/gmake -f CMakeFiles/cmTryCompileExec.dir/build.make CMakeFiles/cmTryCompileExec.dir/build]
  ignore line: [gmake[1]: Entering directory `/Users/ericgallager/lci/lciframework/CMakeFiles/CMakeTmp']
  ignore line: ["/Applications/CMake 2.8-5.app/Contents/bin/cmake" -E cmake_progress_report /Users/ericgallager/lci/lciframework/CMakeFiles/CMakeTmp/CMakeFiles 1]
  ignore line: [Building C object CMakeFiles/cmTryCompileExec.dir/CMakeCCompilerABI.c.o]
  ignore line: [/usr/local/bin/gcc    -o CMakeFiles/cmTryCompileExec.dir/CMakeCCompilerABI.c.o   -c "/Applications/CMake 2.8-5.app/Contents/share/cmake-2.8/Modules/CMakeCCompilerABI.c"]
  ignore line: [Linking C executable cmTryCompileExec]
  ignore line: ["/Applications/CMake 2.8-5.app/Contents/bin/cmake" -E cmake_link_script CMakeFiles/cmTryCompileExec.dir/link.txt --verbose=1]
  ignore line: [/usr/local/bin/gcc      -Wl,-search_paths_first -Wl,-headerpad_max_install_names -v CMakeFiles/cmTryCompileExec.dir/CMakeCCompilerABI.c.o  -o cmTryCompileExec   ]
  ignore line: [Using built-in specs.]
  ignore line: [Target: i386-apple-darwin10.8.0]
  ignore line: [Configured with: ./configure ]
  ignore line: [Thread model: posix]
  ignore line: [gcc version 4.1.1]
  link line: [ /usr/local/libexec/gcc/i386-apple-darwin10.8.0/4.1.1/collect2 -dynamic -arch i386 -weak_reference_mismatches non-weak -o cmTryCompileExec -lcrt1.o -L/usr/local/lib/gcc/i386-apple-darwin10.8.0/4.1.1 -L/usr/local/lib/gcc/i386-apple-darwin10.8.0/4.1.1/../../.. -search_paths_first -headerpad_max_install_names CMakeFiles/cmTryCompileExec.dir/CMakeCCompilerABI.c.o -lgcc -lSystem]
    arg [/usr/local/libexec/gcc/i386-apple-darwin10.8.0/4.1.1/collect2] ==> ignore
    arg [-dynamic] ==> ignore
    arg [-arch] ==> ignore
    arg [i386] ==> ignore
    arg [-weak_reference_mismatches] ==> ignore
    arg [non-weak] ==> ignore
    arg [-o] ==> ignore
    arg [cmTryCompileExec] ==> ignore
    arg [-lcrt1.o] ==> lib [crt1.o]
    arg [-L/usr/local/lib/gcc/i386-apple-darwin10.8.0/4.1.1] ==> dir [/usr/local/lib/gcc/i386-apple-darwin10.8.0/4.1.1]
    arg [-L/usr/local/lib/gcc/i386-apple-darwin10.8.0/4.1.1/../../..] ==> dir [/usr/local/lib/gcc/i386-apple-darwin10.8.0/4.1.1/../../..]
    arg [-search_paths_first] ==> ignore
    arg [-headerpad_max_install_names] ==> ignore
    arg [CMakeFiles/cmTryCompileExec.dir/CMakeCCompilerABI.c.o] ==> ignore
    arg [-lgcc] ==> lib [gcc]
    arg [-lSystem] ==> lib [System]
  remove lib [crt1.o]
  remove lib [gcc]
  remove lib [System]
  collapse dir [/usr/local/lib/gcc/i386-apple-darwin10.8.0/4.1.1] ==> [/usr/local/lib/gcc/i386-apple-darwin10.8.0/4.1.1]
  collapse dir [/usr/local/lib/gcc/i386-apple-darwin10.8.0/4.1.1/../../..] ==> [/usr/local/lib]
  implicit libs: []
  implicit dirs: [/usr/local/lib/gcc/i386-apple-darwin10.8.0/4.1.1;/usr/local/lib]


Determining if the CXX compiler works passed with the following output:
Change Dir: /Users/ericgallager/lci/lciframework/CMakeFiles/CMakeTmp

Run Build Command:/opt/local/bin/gmake "cmTryCompileExec/fast"
/opt/local/bin/gmake -f CMakeFiles/cmTryCompileExec.dir/build.make CMakeFiles/cmTryCompileExec.dir/build
gmake[1]: Entering directory `/Users/ericgallager/lci/lciframework/CMakeFiles/CMakeTmp'
"/Applications/CMake 2.8-5.app/Contents/bin/cmake" -E cmake_progress_report /Users/ericgallager/lci/lciframework/CMakeFiles/CMakeTmp/CMakeFiles 1
Building CXX object CMakeFiles/cmTryCompileExec.dir/testCXXCompiler.cxx.o
/usr/local/bin/c++     -o CMakeFiles/cmTryCompileExec.dir/testCXXCompiler.cxx.o -c /Users/ericgallager/lci/lciframework/CMakeFiles/CMakeTmp/testCXXCompiler.cxx
Linking CXX executable cmTryCompileExec
"/Applications/CMake 2.8-5.app/Contents/bin/cmake" -E cmake_link_script CMakeFiles/cmTryCompileExec.dir/link.txt --verbose=1
/usr/local/bin/c++       -Wl,-search_paths_first -Wl,-headerpad_max_install_names   CMakeFiles/cmTryCompileExec.dir/testCXXCompiler.cxx.o  -o cmTryCompileExec  
gmake[1]: Leaving directory `/Users/ericgallager/lci/lciframework/CMakeFiles/CMakeTmp'


Detecting CXX compiler ABI info compiled with the following output:
Change Dir: /Users/ericgallager/lci/lciframework/CMakeFiles/CMakeTmp

Run Build Command:/opt/local/bin/gmake "cmTryCompileExec/fast"
/opt/local/bin/gmake -f CMakeFiles/cmTryCompileExec.dir/build.make CMakeFiles/cmTryCompileExec.dir/build
gmake[1]: Entering directory `/Users/ericgallager/lci/lciframework/CMakeFiles/CMakeTmp'
"/Applications/CMake 2.8-5.app/Contents/bin/cmake" -E cmake_progress_report /Users/ericgallager/lci/lciframework/CMakeFiles/CMakeTmp/CMakeFiles 1
Building CXX object CMakeFiles/cmTryCompileExec.dir/CMakeCXXCompilerABI.cpp.o
/usr/local/bin/c++     -o CMakeFiles/cmTryCompileExec.dir/CMakeCXXCompilerABI.cpp.o -c "/Applications/CMake 2.8-5.app/Contents/share/cmake-2.8/Modules/CMakeCXXCompilerABI.cpp"
Linking CXX executable cmTryCompileExec
"/Applications/CMake 2.8-5.app/Contents/bin/cmake" -E cmake_link_script CMakeFiles/cmTryCompileExec.dir/link.txt --verbose=1
/usr/local/bin/c++       -Wl,-search_paths_first -Wl,-headerpad_max_install_names -v CMakeFiles/cmTryCompileExec.dir/CMakeCXXCompilerABI.cpp.o  -o cmTryCompileExec   
Using built-in specs.
Target: i386-apple-darwin10.8.0
Configured with: ./configure 
Thread model: posix
gcc version 4.1.1
 /usr/local/libexec/gcc/i386-apple-darwin10.8.0/4.1.1/collect2 -dynamic -arch i386 -weak_reference_mismatches non-weak -o cmTryCompileExec -lcrt1.o -L/usr/local/lib/gcc/i386-apple-darwin10.8.0/4.1.1 -L/usr/local/lib/gcc/i386-apple-darwin10.8.0/4.1.1/../../.. -search_paths_first -headerpad_max_install_names CMakeFiles/cmTryCompileExec.dir/CMakeCXXCompilerABI.cpp.o -lstdc++ -lgcc_s.10.4 -lgcc -lSystem
gmake[1]: Leaving directory `/Users/ericgallager/lci/lciframework/CMakeFiles/CMakeTmp'


Parsed CXX implicit link information from above output:
  link line regex: [^( *|.*[/\])(ld|ld|collect2)[^/\]*( |$)]
  ignore line: [Change Dir: /Users/ericgallager/lci/lciframework/CMakeFiles/CMakeTmp]
  ignore line: []
  ignore line: [Run Build Command:/opt/local/bin/gmake "cmTryCompileExec/fast"]
  ignore line: [/opt/local/bin/gmake -f CMakeFiles/cmTryCompileExec.dir/build.make CMakeFiles/cmTryCompileExec.dir/build]
  ignore line: [gmake[1]: Entering directory `/Users/ericgallager/lci/lciframework/CMakeFiles/CMakeTmp']
  ignore line: ["/Applications/CMake 2.8-5.app/Contents/bin/cmake" -E cmake_progress_report /Users/ericgallager/lci/lciframework/CMakeFiles/CMakeTmp/CMakeFiles 1]
  ignore line: [Building CXX object CMakeFiles/cmTryCompileExec.dir/CMakeCXXCompilerABI.cpp.o]
  ignore line: [/usr/local/bin/c++     -o CMakeFiles/cmTryCompileExec.dir/CMakeCXXCompilerABI.cpp.o -c "/Applications/CMake 2.8-5.app/Contents/share/cmake-2.8/Modules/CMakeCXXCompilerABI.cpp"]
  ignore line: [Linking CXX executable cmTryCompileExec]
  ignore line: ["/Applications/CMake 2.8-5.app/Contents/bin/cmake" -E cmake_link_script CMakeFiles/cmTryCompileExec.dir/link.txt --verbose=1]
  ignore line: [/usr/local/bin/c++       -Wl,-search_paths_first -Wl,-headerpad_max_install_names -v CMakeFiles/cmTryCompileExec.dir/CMakeCXXCompilerABI.cpp.o  -o cmTryCompileExec   ]
  ignore line: [Using built-in specs.]
  ignore line: [Target: i386-apple-darwin10.8.0]
  ignore line: [Configured with: ./configure ]
  ignore line: [Thread model: posix]
  ignore line: [gcc version 4.1.1]
  link line: [ /usr/local/libexec/gcc/i386-apple-darwin10.8.0/4.1.1/collect2 -dynamic -arch i386 -weak_reference_mismatches non-weak -o cmTryCompileExec -lcrt1.o -L/usr/local/lib/gcc/i386-apple-darwin10.8.0/4.1.1 -L/usr/local/lib/gcc/i386-apple-darwin10.8.0/4.1.1/../../.. -search_paths_first -headerpad_max_install_names CMakeFiles/cmTryCompileExec.dir/CMakeCXXCompilerABI.cpp.o -lstdc++ -lgcc_s.10.4 -lgcc -lSystem]
    arg [/usr/local/libexec/gcc/i386-apple-darwin10.8.0/4.1.1/collect2] ==> ignore
    arg [-dynamic] ==> ignore
    arg [-arch] ==> ignore
    arg [i386] ==> ignore
    arg [-weak_reference_mismatches] ==> ignore
    arg [non-weak] ==> ignore
    arg [-o] ==> ignore
    arg [cmTryCompileExec] ==> ignore
    arg [-lcrt1.o] ==> lib [crt1.o]
    arg [-L/usr/local/lib/gcc/i386-apple-darwin10.8.0/4.1.1] ==> dir [/usr/local/lib/gcc/i386-apple-darwin10.8.0/4.1.1]
    arg [-L/usr/local/lib/gcc/i386-apple-darwin10.8.0/4.1.1/../../..] ==> dir [/usr/local/lib/gcc/i386-apple-darwin10.8.0/4.1.1/../../..]
    arg [-search_paths_first] ==> ignore
    arg [-headerpad_max_install_names] ==> ignore
    arg [CMakeFiles/cmTryCompileExec.dir/CMakeCXXCompilerABI.cpp.o] ==> ignore
    arg [-lstdc++] ==> lib [stdc++]
    arg [-lgcc_s.10.4] ==> lib [gcc_s.10.4]
    arg [-lgcc] ==> lib [gcc]
    arg [-lSystem] ==> lib [System]
  remove lib [crt1.o]
  remove lib [gcc_s.10.4]
  remove lib [gcc]
  remove lib [System]
  collapse dir [/usr/local/lib/gcc/i386-apple-darwin10.8.0/4.1.1] ==> [/usr/local/lib/gcc/i386-apple-darwin10.8.0/4.1.1]
  collapse dir [/usr/local/lib/gcc/i386-apple-darwin10.8.0/4.1.1/../../..] ==> [/usr/local/lib]
  implicit libs: [stdc++]
  implicit dirs: [/usr/local/lib/gcc/i386-apple-darwin10.8.0/4.1.1;/usr/local/lib]


